\BOOKMARK [1][-]{section.1}{\376\377\142\200\147\057\176\306\202\202}{}% 1
\BOOKMARK [2][-]{subsection.1.1}{\376\377\145\073\121\373\123\237\164\006}{section.1}% 2
\BOOKMARK [2][-]{subsection.1.2}{\376\377\211\306\211\311\230\206\127\337\133\371\142\227\145\073\121\373}{section.1}% 3
\BOOKMARK [2][-]{subsection.1.3}{\376\377\213\355\227\363\230\206\127\337\133\371\142\227\145\073\121\373}{section.1}% 4
\BOOKMARK [2][-]{subsection.1.4}{\376\377\145\207\147\054\230\206\127\337\133\371\142\227\145\073\121\373}{section.1}% 5
\BOOKMARK [1][-]{section.2}{\376\377\145\073\121\373\150\110\117\213}{}% 6
\BOOKMARK [2][-]{subsection.2.1}{\376\377\211\306\211\311\230\206\127\337\145\073\121\373\150\110\117\213}{section.2}% 7
\BOOKMARK [3][-]{subsubsection.2.1.1}{\376\377\126\376\120\317\122\006\174\173\225\031\213\357\150\110\117\213}{subsection.2.1}% 8
\BOOKMARK [3][-]{subsubsection.2.1.2}{\376\377\133\371\142\227\210\145\116\001\150\110\117\213}{subsection.2.1}% 9
\BOOKMARK [2][-]{subsection.2.2}{\376\377\213\355\227\363\230\206\127\337\145\073\121\373\150\110\117\213}{section.2}% 10
\BOOKMARK [3][-]{subsubsection.2.2.1}{\376\377\226\220\205\075\213\355\227\363\124\175\116\344}{subsection.2.2}% 11
\BOOKMARK [3][-]{subsubsection.2.2.2}{\376\377\215\205\130\360\154\342\145\073\121\373}{subsection.2.2}% 12
\BOOKMARK [2][-]{subsection.2.3}{\376\377\145\207\147\054\230\206\127\337\145\073\121\373\150\110\117\213}{section.2}% 13
\BOOKMARK [3][-]{subsubsection.2.3.1}{\376\377\133\127\173\046\176\247\133\371\142\227\142\160\122\250}{subsection.2.3}% 14
\BOOKMARK [3][-]{subsubsection.2.3.2}{\376\377\124\014\116\111\213\315\146\377\143\142\116\016\213\355\116\111\123\330\143\142}{subsection.2.3}% 15
\BOOKMARK [1][-]{section.3}{\376\377\145\073\121\373\123\161\133\263}{}% 16
\BOOKMARK [2][-]{subsection.3.1}{\376\377\211\306\211\311\230\206\127\337\166\204\145\073\121\373\123\161\133\263}{section.3}% 17
\BOOKMARK [2][-]{subsection.3.2}{\376\377\213\355\227\363\230\206\127\337\166\204\145\073\121\373\123\161\133\263}{section.3}% 18
\BOOKMARK [2][-]{subsection.3.3}{\376\377\145\207\147\054\230\206\127\337\166\204\145\073\121\373\123\161\133\263}{section.3}% 19
\BOOKMARK [1][-]{section.4}{\376\377\226\062\137\241\143\252\145\275}{}% 20
\BOOKMARK [2][-]{subsection.4.1}{\376\377\211\306\211\311\230\206\127\337\166\204\226\062\137\241}{section.4}% 21
\BOOKMARK [3][-]{subsubsection.4.1.1}{\376\377\133\371\142\227\213\255\176\303\377\010\000A\000d\000v\000e\000r\000s\000a\000r\000i\000a\000l\000\040\000T\000r\000a\000i\000n\000i\000n\000g\377\011}{subsection.4.1}% 22
\BOOKMARK [3][-]{subsubsection.4.1.2}{\376\377\217\223\121\145\123\330\143\142\116\016\230\204\131\004\164\006}{subsection.4.1}% 23
\BOOKMARK [3][-]{subsubsection.4.1.3}{\376\377\150\300\155\113\116\016\217\307\156\344}{subsection.4.1}% 24
\BOOKMARK [2][-]{subsection.4.2}{\376\377\213\355\227\363\230\206\127\337\166\204\226\062\137\241}{section.4}% 25
\BOOKMARK [3][-]{subsubsection.4.2.1}{\376\377\133\371\142\227\213\255\176\303\116\016\145\160\143\156\130\236\137\072}{subsection.4.2}% 26
\BOOKMARK [3][-]{subsubsection.4.2.2}{\376\377\213\355\227\363\230\204\131\004\164\006\116\016\162\171\137\201\117\356\153\143}{subsection.4.2}% 27
\BOOKMARK [2][-]{subsection.4.3}{\376\377\145\207\147\054\230\206\127\337\166\204\226\062\137\241}{section.4}% 28
\BOOKMARK [3][-]{subsubsection.4.3.1}{\376\377\133\371\142\227\213\255\176\303\116\016\145\160\143\156\130\236\137\072}{subsection.4.3}% 29
\BOOKMARK [3][-]{subsubsection.4.3.2}{\376\377\123\357\211\343\221\312\152\041\127\213\116\016\154\350\141\017\122\233\117\356\153\143}{subsection.4.3}% 30
\BOOKMARK [3][-]{subsubsection.4.3.3}{\376\377\133\371\142\227\150\067\147\054\150\300\155\113}{subsection.4.3}% 31
\BOOKMARK [1][-]{section.5}{\376\377\116\052\116\272\133\371\142\200\147\057\166\204\164\006\211\343}{}% 32
\BOOKMARK [1][-]{section.5}{\376\377\123\302\200\003\145\207\163\056}{}% 33
